# JRE version: Java(TM) SE Runtime Environment (8.0_201-b09) (build 1.8.0_201-b09)
# Java VM: Java HotSpot(TM) 64-Bit Server VM (25.201-b09 mixed mode windows-amd64 compressed oops)
Heap:
 PSYoungGen      total 177152K, used 6325K [0x00000000d6000000, 0x00000000e3e80000, 0x0000000100000000)
  eden space 163328K, 3% used [0x00000000d6000000,0x00000000d662d4f8,0x00000000dff80000)
  from space 13824K, 0% used [0x00000000dff80000,0x00000000dff80000,0x00000000e0d00000)
  to   space 9216K, 0% used [0x00000000e0d00000,0x00000000e0d00000,0x00000000e1600000)
 ParOldGen       total 55296K, used 28970K [0x0000000082000000, 0x0000000085600000, 0x00000000d6000000)
  object space 55296K, 52% used [0x0000000082000000,0x0000000083c4abb8,0x0000000085600000)
 Metaspace       used 48800K, capacity 50724K, committed 51072K, reserved 1095680K
  class space    used 6870K, capacity 7229K, committed 7296K, reserved 1048576K
GC Heap History (10 events):
Event: 8.131 GC heap before
{Heap before GC invocations=10 (full 1):
 PSYoungGen      total 172544K, used 104564K [0x00000000d6000000, 0x00000000e3e80000, 0x0000000100000000)
  eden space 163328K, 58% used [0x00000000d6000000,0x00000000dbd1f6b0,0x00000000dff80000)
  from space 9216K, 99% used [0x00000000e0d00000,0x00000000e15fd980,0x00000000e1600000)
  to   space 13824K, 0% used [0x00000000dff80000,0x00000000dff80000,0x00000000e0d00000)
 ParOldGen       total 55296K, used 15968K [0x0000000082000000, 0x0000000085600000, 0x00000000d6000000)
  object space 55296K, 28% used [0x0000000082000000,0x0000000082f98218,0x0000000085600000)
 Metaspace       used 33683K, capacity 35280K, committed 35456K, reserved 1079296K
  class space    used 4555K, capacity 4879K, committed 4992K, reserved 1048576K
Event: 8.148 GC heap after
Heap after GC invocations=10 (full 1):
 PSYoungGen      total 177152K, used 11677K [0x00000000d6000000, 0x00000000e3e80000, 0x0000000100000000)
  eden space 163328K, 0% used [0x00000000d6000000,0x00000000d6000000,0x00000000dff80000)
  from space 13824K, 84% used [0x00000000dff80000,0x00000000e0ae77f0,0x00000000e0d00000)
  to   space 9216K, 0% used [0x00000000e0d00000,0x00000000e0d00000,0x00000000e1600000)
 ParOldGen       total 55296K, used 17952K [0x0000000082000000, 0x0000000085600000, 0x00000000d6000000)
  object space 55296K, 32% used [0x0000000082000000,0x0000000083188248,0x0000000085600000)
 Metaspace       used 33683K, capacity 35280K, committed 35456K, reserved 1079296K
  class space    used 4555K, capacity 4879K, committed 4992K, reserved 1048576K
}
Event: 8.148 GC heap before
{Heap before GC invocations=11 (full 2):
 PSYoungGen      total 177152K, used 11677K [0x00000000d6000000, 0x00000000e3e80000, 0x0000000100000000)
  eden space 163328K, 0% used [0x00000000d6000000,0x00000000d6000000,0x00000000dff80000)
  from space 13824K, 84% used [0x00000000dff80000,0x00000000e0ae77f0,0x00000000e0d00000)
  to   space 9216K, 0% used [0x00000000e0d00000,0x00000000e0d00000,0x00000000e1600000)
 ParOldGen       total 55296K, used 17952K [0x0000000082000000, 0x0000000085600000, 0x00000000d6000000)
  object space 55296K, 32% used [0x0000000082000000,0x0000000083188248,0x0000000085600000)
 Metaspace       used 33683K, capacity 35280K, committed 35456K, reserved 1079296K
  class space    used 4555K, capacity 4879K, committed 4992K, reserved 1048576K
Event: 8.267 GC heap after
Heap after GC invocations=11 (full 2):
 PSYoungGen      total 177152K, used 0K [0x00000000d6000000, 0x00000000e3e80000, 0x0000000100000000)
  eden space 163328K, 0% used [0x00000000d6000000,0x00000000d6000000,0x00000000dff80000)
  from space 13824K, 0% used [0x00000000dff80000,0x00000000dff80000,0x00000000e0d00000)
  to   space 9216K, 0% used [0x00000000e0d00000,0x00000000e0d00000,0x00000000e1600000)
 ParOldGen       total 55296K, used 22463K [0x0000000082000000, 0x0000000085600000, 0x00000000d6000000)
  object space 55296K, 40% used [0x0000000082000000,0x00000000835effa0,0x0000000085600000)
 Metaspace       used 33683K, capacity 35280K, committed 35456K, reserved 1079296K
  class space    used 4555K, capacity 4879K, committed 4992K, reserved 1048576K
}
Event: 10.286 GC heap before
{Heap before GC invocations=12 (full 2):
 PSYoungGen      total 177152K, used 163328K [0x00000000d6000000, 0x00000000e3e80000, 0x0000000100000000)
  eden space 163328K, 100% used [0x00000000d6000000,0x00000000dff80000,0x00000000dff80000)
  from space 13824K, 0% used [0x00000000dff80000,0x00000000dff80000,0x00000000e0d00000)
  to   space 9216K, 0% used [0x00000000e0d00000,0x00000000e0d00000,0x00000000e1600000)
 ParOldGen       total 55296K, used 22463K [0x0000000082000000, 0x0000000085600000, 0x00000000d6000000)
  object space 55296K, 40% used [0x0000000082000000,0x00000000835effa0,0x0000000085600000)
 Metaspace       used 44945K, capacity 46710K, committed 47104K, reserved 1089536K
  class space    used 6318K, capacity 6630K, committed 6656K, reserved 1048576K
Event: 10.305 GC heap after
Heap after GC invocations=12 (full 2):
 PSYoungGen      total 172544K, used 9198K [0x00000000d6000000, 0x00000000e3e80000, 0x0000000100000000)
  eden space 163328K, 0% used [0x00000000d6000000,0x00000000d6000000,0x00000000dff80000)
  from space 9216K, 99% used [0x00000000e0d00000,0x00000000e15fbac8,0x00000000e1600000)
  to   space 13824K, 0% used [0x00000000dff80000,0x00000000dff80000,0x00000000e0d00000)
 ParOldGen       total 55296K, used 25772K [0x0000000082000000, 0x0000000085600000, 0x00000000d6000000)
  object space 55296K, 46% used [0x0000000082000000,0x000000008392b3b0,0x0000000085600000)
 Metaspace       used 44945K, capacity 46710K, committed 47104K, reserved 1089536K
  class space    used 6318K, capacity 6630K, committed 6656K, reserved 1048576K
}
Event: 11.562 GC heap before
{Heap before GC invocations=13 (full 2):
 PSYoungGen      total 172544K, used 115844K [0x00000000d6000000, 0x00000000e3e80000, 0x0000000100000000)
  eden space 163328K, 65% used [0x00000000d6000000,0x00000000dc825750,0x00000000dff80000)
  from space 9216K, 99% used [0x00000000e0d00000,0x00000000e15fbac8,0x00000000e1600000)
  to   space 13824K, 0% used [0x00000000dff80000,0x00000000dff80000,0x00000000e0d00000)
 ParOldGen       total 55296K, used 25772K [0x0000000082000000, 0x0000000085600000, 0x00000000d6000000)
  object space 55296K, 46% used [0x0000000082000000,0x000000008392b3b0,0x0000000085600000)
 Metaspace       used 48780K, capacity 50628K, committed 50816K, reserved 1097728K
  class space    used 6853K, capacity 7197K, committed 7296K, reserved 1048576K
Event: 11.588 GC heap after
Heap after GC invocations=13 (full 2):
 PSYoungGen      total 177152K, used 6639K [0x00000000d6000000, 0x00000000e3e80000, 0x0000000100000000)
  eden space 163328K, 0% used [0x00000000d6000000,0x00000000d6000000,0x00000000dff80000)
  from space 13824K, 48% used [0x00000000dff80000,0x00000000e05fbc30,0x00000000e0d00000)
  to   space 9216K, 0% used [0x00000000e0d00000,0x00000000e0d00000,0x00000000e1600000)
 ParOldGen       total 55296K, used 28779K [0x0000000082000000, 0x0000000085600000, 0x00000000d6000000)
  object space 55296K, 52% used [0x0000000082000000,0x0000000083c1ae88,0x0000000085600000)
 Metaspace       used 48780K, capacity 50628K, committed 50816K, reserved 1097728K
  class space    used 6853K, capacity 7197K, committed 7296K, reserved 1048576K
}
Event: 11.588 GC heap before
{Heap before GC invocations=14 (full 3):
 PSYoungGen      total 177152K, used 6639K [0x00000000d6000000, 0x00000000e3e80000, 0x0000000100000000)
  eden space 163328K, 0% used [0x00000000d6000000,0x00000000d6000000,0x00000000dff80000)
  from space 13824K, 48% used [0x00000000dff80000,0x00000000e05fbc30,0x00000000e0d00000)
  to   space 9216K, 0% used [0x00000000e0d00000,0x00000000e0d00000,0x00000000e1600000)
 ParOldGen       total 55296K, used 28779K [0x0000000082000000, 0x0000000085600000, 0x00000000d6000000)
  object space 55296K, 52% used [0x0000000082000000,0x0000000083c1ae88,0x0000000085600000)
 Metaspace       used 48780K, capacity 50628K, committed 50816K, reserved 1097728K
  class space    used 6853K, capacity 7197K, committed 7296K, reserved 1048576K
Event: 11.854 GC heap after
Heap after GC invocations=14 (full 3):
 PSYoungGen      total 177152K, used 0K [0x00000000d6000000, 0x00000000e3e80000, 0x0000000100000000)
  eden space 163328K, 0% used [0x00000000d6000000,0x00000000d6000000,0x00000000dff80000)
  from space 13824K, 0% used [0x00000000dff80000,0x00000000dff80000,0x00000000e0d00000)
  to   space 9216K, 0% used [0x00000000e0d00000,0x00000000e0d00000,0x00000000e1600000)
 ParOldGen       total 55296K, used 28970K [0x0000000082000000, 0x0000000085600000, 0x00000000d6000000)
  object space 55296K, 52% used [0x0000000082000000,0x0000000083c4abb8,0x0000000085600000)
 Metaspace       used 48780K, capacity 50628K, committed 50816K, reserved 1095680K
  class space    used 6853K, capacity 7197K, committed 7296K, reserved 1048576K
}

